<?xml version="1.0" encoding="UTF-8"?>
<testng-results ignored="0" total="0" passed="0" failed="0" skipped="0">
  <reporter-output>
  </reporter-output>
  <suite started-at="2025-01-02T23:40:14 IST" name="Surefire suite" finished-at="2025-01-02T23:40:14 IST" duration-ms="22">
    <groups>
    </groups>
    <test started-at="2025-01-02T23:40:14 IST" name="Surefire test" finished-at="2025-01-02T23:40:14 IST" duration-ms="22">
      <class name="Base.BaseTest">
        <test-method is-config="true" signature="setUp()[pri:0, instance:Base.BaseTest@4803b726]" started-at="2025-01-02T23:40:13 IST" name="setUp" finished-at="2025-01-02T23:40:14 IST" duration-ms="351" status="PASS">
          <reporter-output>
          </reporter-output>
        </test-method> <!-- setUp -->
        <test-method is-config="true" signature="tearDownReport()[pri:0, instance:Base.BaseTest@4803b726]" started-at="2025-01-02T23:40:14 IST" name="tearDownReport" finished-at="2025-01-02T23:40:14 IST" duration-ms="565" status="PASS">
          <reporter-output>
          </reporter-output>
        </test-method> <!-- tearDownReport -->
      </class> <!-- Base.BaseTest -->
    </test> <!-- Surefire test -->
  </suite> <!-- Surefire suite -->
</testng-results>
