<?xml version="1.0" encoding="UTF-8"?>
<testng-results ignored="0" total="0" passed="0" failed="0" skipped="0">
  <reporter-output>
  </reporter-output>
  <suite started-at="2025-01-09T17:14:29 IST" name="Surefire suite" finished-at="2025-01-09T17:14:29 IST" duration-ms="50">
    <groups>
    </groups>
    <test started-at="2025-01-09T17:14:29 IST" name="Surefire test" finished-at="2025-01-09T17:14:29 IST" duration-ms="50">
      <class name="Base.BaseTest">
        <test-method is-config="true" signature="setUp()[pri:0, instance:Base.BaseTest@4803b726]" started-at="2025-01-09T17:14:28 IST" name="setUp" finished-at="2025-01-09T17:14:29 IST" duration-ms="947" status="PASS">
          <reporter-output>
          </reporter-output>
        </test-method> <!-- setUp -->
        <test-method is-config="true" signature="tearDownReport()[pri:0, instance:Base.BaseTest@4803b726]" started-at="2025-01-09T17:14:30 IST" name="tearDownReport" finished-at="2025-01-09T17:14:31 IST" duration-ms="1024" status="PASS">
          <reporter-output>
          </reporter-output>
        </test-method> <!-- tearDownReport -->
      </class> <!-- Base.BaseTest -->
    </test> <!-- Surefire test -->
  </suite> <!-- Surefire suite -->
</testng-results>
